<?xml version="1.0" encoding="UTF-8"?>
<testsuites name="Presentation" time="143" tests="7" failures="1" errors="0">
   <testsuite name="Presentation" tests="7" failures="1" errors="0" time="143" timestamp="2018-04-10 10:53:37" hostname="Dikshita - RSSPL43.Remote.local" id="Test Suites/Presentation">
      <properties>
         <property name="deviceName" value=""/>
         <property name="devicePlatform" value=""/>
         <property name="logFolder" value="C:\\Users\\Dikshita\\git\\imscanredev\\Reports\\Presentation\\20180410_105335"/>
         <property name="logFiles" value="C:\\Users\\Dikshita\\git\\imscanredev\\Reports\\Presentation\\20180410_105335\\execution0.log"/>
         <property name="attachments" value="C:\\Users\\Dikshita\\git\\imscanredev\\Reports\\Presentation\\20180410_105335\\1523337865697.png, C:\\Users\\Dikshita\\git\\imscanredev\\Reports\\Presentation\\20180410_105335\\1523337866013.png"/>
         <property name="hostName" value="Dikshita - RSSPL43.Remote.local"/>
         <property name="os" value="Windows 10 64bit"/>
         <property name="katalonVersion" value="5.3.1.1"/>
         <property name="browser" value="Chrome 65.0.3325.181"/>
         <property name="hostAddress" value="192.168.25.135"/>
         <property name="sessionId" value="ae10e3919d95f8bc12f50a7fe211fecd"/>
         <property name="seleniumVersion" value="3.7.1"/>
         <property name="proxyInformation" value="ProxyInformation{proxyOption=NO_PROXY, proxyServerType=HTTP, password=, proxyServerAddress=, proxyServerPort=0}"/>
         <property name="platform" value="Windows 10"/>
      </properties>
      <testcase name="Test Cases/Smoke/TC-09" classname="Test Cases/Smoke/TC-09" status="PASSED">
         <system-out><![CDATA[2018-04-10 10:53:38 - [TEST_CASE][PASSED] - Test Cases/Smoke/TC-09: Invoke 'com.kms.katalon.core.annotation.AfterTestCase' method: 'ImScan.AfterTestCaseCloseBrowser(...)' completed.

2018-04-10 10:53:38 - [TEST_STEP][PASSED] - Start listener action : BeforeTestCaseOpenBrowser: Invoke 'com.kms.katalon.core.annotation.BeforeTestCase' method: 'ImScan.BeforeTestCaseOpenBrowser(...)' completed.

2018-04-10 10:53:38 - [TEST_STEP][PASSED] - openBrowser: Browser is opened with url: 'http://rsspl51/CSSIMSCANUI/Login/Index'

2018-04-10 10:53:45 - [MESSAGE][PASSED] - Browser is opened with url: 'http://rsspl51/CSSIMSCANUI/Login/Index'

2018-04-10 10:53:45 - [TEST_STEP][PASSED] - maximizeWindow: Current window maximized

2018-04-10 10:53:46 - [MESSAGE][PASSED] - Current window maximized

2018-04-10 10:53:46 - [TEST_STEP][PASSED] - Statement - TestID = testCaseContext.getTestCaseId(): null

2018-04-10 10:53:46 - [TEST_STEP][PASSED] - Statement - println(TestID): Invoke 'com.kms.katalon.core.annotation.BeforeTestCase' method: 'ImScan.BeforeTestCaseOpenBrowser(...)' completed.

2018-04-10 10:53:46 - [TEST_STEP][PASSED] - setText: Text 'Dixita' is set on object 'Object Repository/Login/Page_IMSCAN/input_UserName'

2018-04-10 10:53:46 - [MESSAGE][PASSED] - Text 'Dixita' is set on object 'Object Repository/Login/Page_IMSCAN/input_UserName'

2018-04-10 10:53:46 - [TEST_STEP][PASSED] - setText: Text 'Dixita456' is set on object 'Object Repository/Login/Page_IMSCAN/input_Password'

2018-04-10 10:53:46 - [MESSAGE][PASSED] - Text 'Dixita456' is set on object 'Object Repository/Login/Page_IMSCAN/input_Password'

2018-04-10 10:53:46 - [TEST_STEP][PASSED] - click: Object: 'Object Repository/Login/Page_IMSCAN/button_Login' is clicked on

2018-04-10 10:53:47 - [MESSAGE][PASSED] - Object: 'Object Repository/Login/Page_IMSCAN/button_Login' is clicked on

2018-04-10 10:53:47 - [TEST_STEP][PASSED] - verifyElementPresent: Object 'Object Repository/Create_a_New_Dept/VerfiyHomePageDisplayed' is present

2018-04-10 10:53:47 - [MESSAGE][PASSED] - Object 'Object Repository/Create_a_New_Dept/VerfiyHomePageDisplayed' is present

2018-04-10 10:53:47 - [TEST_STEP][PASSED] - delay: Delayed 3 second(s)

2018-04-10 10:53:50 - [MESSAGE][PASSED] - Delayed 3 second(s)

2018-04-10 10:53:50 - [TEST_STEP][PASSED] - click: Object: 'Object Repository/Create_a_New_Dept/ClickOnDepartments' is clicked on

2018-04-10 10:53:51 - [MESSAGE][PASSED] - Object: 'Object Repository/Create_a_New_Dept/ClickOnDepartments' is clicked on

2018-04-10 10:53:51 - [TEST_STEP][PASSED] - delay: Delayed 2 second(s)

2018-04-10 10:53:53 - [MESSAGE][PASSED] - Delayed 2 second(s)

2018-04-10 10:53:53 - [TEST_STEP][PASSED] - click: Object: 'Object Repository/Create_a_New_Dept/ClickOnCreateDept' is clicked on

2018-04-10 10:53:53 - [MESSAGE][PASSED] - Object: 'Object Repository/Create_a_New_Dept/ClickOnCreateDept' is clicked on

2018-04-10 10:53:53 - [TEST_STEP][PASSED] - waitForAlert: No alert found after 2 second(s).

2018-04-10 10:53:55 - [MESSAGE][WARNING] - No alert found after 2 second(s).

2018-04-10 10:53:55 - [TEST_STEP][PASSED] - verifyElementVisible: Object 'Object Repository/Create_a_New_Dept/CreateDeptPopup/PopUpforDept/h4_Create Department' is visible

2018-04-10 10:53:55 - [MESSAGE][PASSED] - Object 'Object Repository/Create_a_New_Dept/CreateDeptPopup/PopUpforDept/h4_Create Department' is visible

2018-04-10 10:53:55 - [TEST_STEP][PASSED] - setText: Text '97' is set on object 'Object Repository/Create_a_New_Dept/CreateDeptPopup/PopUpforDept/input_Code'

2018-04-10 10:53:55 - [MESSAGE][PASSED] - Text '97' is set on object 'Object Repository/Create_a_New_Dept/CreateDeptPopup/PopUpforDept/input_Code'

2018-04-10 10:53:55 - [TEST_STEP][PASSED] - setText: Text '105' is set on object 'Object Repository/Create_a_New_Dept/CreateDeptPopup/PopUpforDept/input_Name'

2018-04-10 10:53:55 - [MESSAGE][PASSED] - Text '105' is set on object 'Object Repository/Create_a_New_Dept/CreateDeptPopup/PopUpforDept/input_Name'

2018-04-10 10:53:55 - [TEST_STEP][PASSED] - click: Object: 'Object Repository/Create_a_New_Dept/ClickOnSavePopup' is clicked on

2018-04-10 10:53:55 - [MESSAGE][PASSED] - Object: 'Object Repository/Create_a_New_Dept/ClickOnSavePopup' is clicked on

2018-04-10 10:53:55 - [TEST_STEP][PASSED] - focus: Object: 'Object Repository/Create_a_New_Dept/AlreadyExistingDeptCode-DeptName' is focused

2018-04-10 10:53:56 - [MESSAGE][PASSED] - Object: 'Object Repository/Create_a_New_Dept/AlreadyExistingDeptCode-DeptName' is focused

2018-04-10 10:53:56 - [TEST_STEP][PASSED] - Statement - Try: null

2018-04-10 10:53:56 - [TEST_STEP][PASSED] - Statement - Errormsg = com.kms.katalon.core.webui.keyword.WebUiBuiltInKeywords.getText(com.kms.katalon.core.testobject.ObjectRepository.findTestObject(Object Repository/Create_a_New_Dept/AlreadyExistingDeptCode-DeptName)): Text of object 'Object Repository/Create_a_New_Dept/AlreadyExistingDeptCode-DeptName' is: ''

2018-04-10 10:53:56 - [MESSAGE][PASSED] - Text of object 'Object Repository/Create_a_New_Dept/AlreadyExistingDeptCode-DeptName' is: ''

2018-04-10 10:53:56 - [TEST_STEP][PASSED] - Statement - println(Errormsg): null

2018-04-10 10:53:56 - [TEST_STEP][PASSED] - Statement - println("Error Message has been Displayed"): null

2018-04-10 10:53:56 - [TEST_STEP][PASSED] - Start listener action : AfterTestCaseCloseBrowser: Invoke 'com.kms.katalon.core.annotation.AfterTestCase' method: 'ImScan.AfterTestCaseCloseBrowser(...)' completed.]]></system-out>
         <system-err><![CDATA[]]></system-err>
      </testcase>
      <testcase name="Test Cases/Smoke/TC-1 Creating a new Department" classname="Test Cases/Smoke/TC-1 Creating a new Department" status="FAILED">
         <failure type="FAILED" message="Unable to verify object 'Object Repository/Create_a_New_Dept/verifyDisplayedOrNot/td_Law1' is present (Root cause: com.kms.katalon.core.webui.exception.WebElementNotFoundException: Web element with id: 'Object Repository/Create_a_New_Dept/verifyDisplayedOrNot/td_Law1' located by 'By.xpath: //td[(text() = 'Law1' or . = 'Law1')]' not found)"/>
         <system-out><![CDATA[2018-04-10 10:53:56 - [TEST_CASE][FAILED] - Test Cases/Smoke/TC-1 Creating a new Department: Test Cases/Smoke/TC-1 Creating a new Department FAILED because (of) Unable to verify object 'Object Repository/Create_a_New_Dept/verifyDisplayedOrNot/td_Law1' is present (Root cause: com.kms.katalon.core.webui.exception.WebElementNotFoundException: Web element with id: 'Object Repository/Create_a_New_Dept/verifyDisplayedOrNot/td_Law1' located by 'By.xpath: //td[(text() = 'Law1' or . = 'Law1')]' not found)

2018-04-10 10:53:56 - [TEST_STEP][PASSED] - Start listener action : BeforeTestCaseOpenBrowser: Invoke 'com.kms.katalon.core.annotation.BeforeTestCase' method: 'ImScan.BeforeTestCaseOpenBrowser(...)' completed.

2018-04-10 10:53:56 - [TEST_STEP][PASSED] - openBrowser: Browser is opened with url: 'http://rsspl51/CSSIMSCANUI/Login/Index'

2018-04-10 10:53:56 - [MESSAGE][WARNING] - A browser is already opened. Closing browser and opening a new one

2018-04-10 10:54:09 - [MESSAGE][PASSED] - Browser is opened with url: 'http://rsspl51/CSSIMSCANUI/Login/Index'

2018-04-10 10:54:09 - [TEST_STEP][PASSED] - maximizeWindow: Current window maximized

2018-04-10 10:54:11 - [MESSAGE][PASSED] - Current window maximized

2018-04-10 10:54:11 - [TEST_STEP][PASSED] - Statement - TestID = testCaseContext.getTestCaseId(): null

2018-04-10 10:54:11 - [TEST_STEP][PASSED] - Statement - println(TestID): Invoke 'com.kms.katalon.core.annotation.BeforeTestCase' method: 'ImScan.BeforeTestCaseOpenBrowser(...)' completed.

2018-04-10 10:54:11 - [TEST_STEP][PASSED] - setText: Text 'Dixita' is set on object 'Object Repository/Login/Page_IMSCAN/input_UserName'

2018-04-10 10:54:11 - [MESSAGE][PASSED] - Text 'Dixita' is set on object 'Object Repository/Login/Page_IMSCAN/input_UserName'

2018-04-10 10:54:11 - [TEST_STEP][PASSED] - setText: Text 'Dixita456' is set on object 'Object Repository/Login/Page_IMSCAN/input_Password'

2018-04-10 10:54:11 - [MESSAGE][PASSED] - Text 'Dixita456' is set on object 'Object Repository/Login/Page_IMSCAN/input_Password'

2018-04-10 10:54:11 - [TEST_STEP][PASSED] - click: Object: 'Object Repository/Login/Page_IMSCAN/button_Login' is clicked on

2018-04-10 10:54:11 - [MESSAGE][PASSED] - Object: 'Object Repository/Login/Page_IMSCAN/button_Login' is clicked on

2018-04-10 10:54:11 - [TEST_STEP][PASSED] - verifyElementPresent: Object 'Object Repository/Create_a_New_Dept/VerfiyHomePageDisplayed' is present

2018-04-10 10:54:12 - [MESSAGE][PASSED] - Object 'Object Repository/Create_a_New_Dept/VerfiyHomePageDisplayed' is present

2018-04-10 10:54:12 - [TEST_STEP][PASSED] - delay: Delayed 3 second(s)

2018-04-10 10:54:15 - [MESSAGE][PASSED] - Delayed 3 second(s)

2018-04-10 10:54:15 - [TEST_STEP][PASSED] - click: Object: 'Object Repository/Create_a_New_Dept/ClickOnDepartments' is clicked on

2018-04-10 10:54:15 - [MESSAGE][PASSED] - Object: 'Object Repository/Create_a_New_Dept/ClickOnDepartments' is clicked on

2018-04-10 10:54:15 - [TEST_STEP][PASSED] - delay: Delayed 2 second(s)

2018-04-10 10:54:17 - [MESSAGE][PASSED] - Delayed 2 second(s)

2018-04-10 10:54:17 - [TEST_STEP][PASSED] - click: Object: 'Object Repository/Create_a_New_Dept/ClickOnCreateDept' is clicked on

2018-04-10 10:54:17 - [MESSAGE][PASSED] - Object: 'Object Repository/Create_a_New_Dept/ClickOnCreateDept' is clicked on

2018-04-10 10:54:17 - [TEST_STEP][PASSED] - waitForAlert: No alert found after 2 second(s).

2018-04-10 10:54:19 - [MESSAGE][WARNING] - No alert found after 2 second(s).

2018-04-10 10:54:19 - [TEST_STEP][PASSED] - verifyElementVisible: Object 'Object Repository/Create_a_New_Dept/CreateDeptPopup/PopUpforDept/h4_Create Department' is visible

2018-04-10 10:54:19 - [MESSAGE][PASSED] - Object 'Object Repository/Create_a_New_Dept/CreateDeptPopup/PopUpforDept/h4_Create Department' is visible

2018-04-10 10:54:19 - [TEST_STEP][PASSED] - setText: Text '50' is set on object 'Object Repository/Create_a_New_Dept/CreateDeptPopup/PopUpforDept/input_Code'

2018-04-10 10:54:20 - [MESSAGE][PASSED] - Text '50' is set on object 'Object Repository/Create_a_New_Dept/CreateDeptPopup/PopUpforDept/input_Code'

2018-04-10 10:54:20 - [TEST_STEP][PASSED] - setText: Text 'Law50' is set on object 'Object Repository/Create_a_New_Dept/CreateDeptPopup/PopUpforDept/input_Name'

2018-04-10 10:54:20 - [MESSAGE][PASSED] - Text 'Law50' is set on object 'Object Repository/Create_a_New_Dept/CreateDeptPopup/PopUpforDept/input_Name'

2018-04-10 10:54:20 - [TEST_STEP][PASSED] - click: Object: 'Object Repository/Create_a_New_Dept/ClickOnSavePopup' is clicked on

2018-04-10 10:54:20 - [MESSAGE][PASSED] - Object: 'Object Repository/Create_a_New_Dept/ClickOnSavePopup' is clicked on

2018-04-10 10:54:20 - [TEST_STEP][PASSED] - Statement - var1 = com.kms.katalon.core.webui.keyword.WebUiBuiltInKeywords.setText(com.kms.katalon.core.testobject.ObjectRepository.findTestObject(Object Repository/Search/Search_Inspect), "Law50"): Text 'Law50' is set on object 'Object Repository/Search/Search_Inspect'

2018-04-10 10:54:20 - [MESSAGE][PASSED] - Text 'Law50' is set on object 'Object Repository/Search/Search_Inspect'

2018-04-10 10:54:20 - [TEST_STEP][FAILED] - verifyElementPresent: Unable to verify object 'Object Repository/Create_a_New_Dept/verifyDisplayedOrNot/td_Law1' is present (Root cause: com.kms.katalon.core.webui.exception.WebElementNotFoundException: Web element with id: 'Object Repository/Create_a_New_Dept/verifyDisplayedOrNot/td_Law1' located by 'By.xpath: //td[(text() = 'Law1' or . = 'Law1')]' not found)

2018-04-10 10:54:26 - [MESSAGE][FAILED] - com.kms.katalon.core.webui.exception.WebElementNotFoundException: Web element with id: 'Object Repository/Create_a_New_Dept/verifyDisplayedOrNot/td_Law1' located by 'By.xpath: //td[(text() = 'Law1' or . = 'Law1')]' not found
[[ATTACHMENT|C:\\Users\\Dikshita\\git\\imscanredev\\Reports\\Presentation\\20180410_105335\\1523337865697.png]]

2018-04-10 10:54:26 - [MESSAGE][FAILED] - Unable to verify object 'Object Repository/Create_a_New_Dept/verifyDisplayedOrNot/td_Law1' is present (Root cause: com.kms.katalon.core.webui.exception.WebElementNotFoundException: Web element with id: 'Object Repository/Create_a_New_Dept/verifyDisplayedOrNot/td_Law1' located by 'By.xpath: //td[(text() = 'Law1' or . = 'Law1')]' not found)
[[ATTACHMENT|C:\\Users\\Dikshita\\git\\imscanredev\\Reports\\Presentation\\20180410_105335\\1523337866013.png]]

2018-04-10 10:54:26 - [TEST_STEP][PASSED] - Start listener action : AfterTestCaseCloseBrowser: Invoke 'com.kms.katalon.core.annotation.AfterTestCase' method: 'ImScan.AfterTestCaseCloseBrowser(...)' completed.]]></system-out>
         <system-err><![CDATA[2018-04-10 10:53:56 - [TEST_CASE][FAILED] - Test Cases/Smoke/TC-1 Creating a new Department: Test Cases/Smoke/TC-1 Creating a new Department FAILED because (of) Unable to verify object 'Object Repository/Create_a_New_Dept/verifyDisplayedOrNot/td_Law1' is present (Root cause: com.kms.katalon.core.webui.exception.WebElementNotFoundException: Web element with id: 'Object Repository/Create_a_New_Dept/verifyDisplayedOrNot/td_Law1' located by 'By.xpath: //td[(text() = 'Law1' or . = 'Law1')]' not found)]]></system-err>
      </testcase>
      <testcase name="Test Cases/Smoke/TC-143_Login_ValidLogin" classname="Test Cases/Smoke/TC-143_Login_ValidLogin" status="PASSED">
         <system-out><![CDATA[2018-04-10 10:54:26 - [TEST_CASE][PASSED] - Test Cases/Smoke/TC-143_Login_ValidLogin: Invoke 'com.kms.katalon.core.annotation.AfterTestCase' method: 'ImScan.AfterTestCaseCloseBrowser(...)' completed.

2018-04-10 10:54:26 - [TEST_STEP][PASSED] - Start listener action : BeforeTestCaseOpenBrowser: Invoke 'com.kms.katalon.core.annotation.BeforeTestCase' method: 'ImScan.BeforeTestCaseOpenBrowser(...)' completed.

2018-04-10 10:54:26 - [TEST_STEP][PASSED] - openBrowser: Browser is opened with url: 'http://rsspl51/CSSIMSCANUI/Login/Index'

2018-04-10 10:54:26 - [MESSAGE][WARNING] - A browser is already opened. Closing browser and opening a new one

2018-04-10 10:54:29 - [MESSAGE][PASSED] - Browser is opened with url: 'http://rsspl51/CSSIMSCANUI/Login/Index'

2018-04-10 10:54:29 - [TEST_STEP][PASSED] - maximizeWindow: Current window maximized

2018-04-10 10:54:31 - [MESSAGE][PASSED] - Current window maximized

2018-04-10 10:54:31 - [TEST_STEP][PASSED] - Statement - TestID = testCaseContext.getTestCaseId(): null

2018-04-10 10:54:31 - [TEST_STEP][PASSED] - Statement - println(TestID): Invoke 'com.kms.katalon.core.annotation.BeforeTestCase' method: 'ImScan.BeforeTestCaseOpenBrowser(...)' completed.

2018-04-10 10:54:31 - [TEST_STEP][PASSED] - setText: Text 'Dixita' is set on object 'Object Repository/Login/Page_IMSCAN/input_UserName'

2018-04-10 10:54:31 - [MESSAGE][PASSED] - Text 'Dixita' is set on object 'Object Repository/Login/Page_IMSCAN/input_UserName'

2018-04-10 10:54:31 - [TEST_STEP][PASSED] - setText: Text 'Dixita456' is set on object 'Object Repository/Login/Page_IMSCAN/input_Password'

2018-04-10 10:54:31 - [MESSAGE][PASSED] - Text 'Dixita456' is set on object 'Object Repository/Login/Page_IMSCAN/input_Password'

2018-04-10 10:54:31 - [TEST_STEP][PASSED] - click: Object: 'Object Repository/Login/Page_IMSCAN/button_Login' is clicked on

2018-04-10 10:54:31 - [MESSAGE][PASSED] - Object: 'Object Repository/Login/Page_IMSCAN/button_Login' is clicked on

2018-04-10 10:54:31 - [TEST_STEP][PASSED] - click: Object: 'Object Repository/Login/Page_IMSCAN - EDoc System/div_Home' is clicked on

2018-04-10 10:54:32 - [MESSAGE][PASSED] - Object: 'Object Repository/Login/Page_IMSCAN - EDoc System/div_Home' is clicked on

2018-04-10 10:54:32 - [TEST_STEP][PASSED] - Start listener action : AfterTestCaseCloseBrowser: Invoke 'com.kms.katalon.core.annotation.AfterTestCase' method: 'ImScan.AfterTestCaseCloseBrowser(...)' completed.]]></system-out>
         <system-err><![CDATA[]]></system-err>
      </testcase>
      <testcase name="Test Cases/Smoke/TC-145_Login_InvalidLogin" classname="Test Cases/Smoke/TC-145_Login_InvalidLogin" status="PASSED">
         <system-out><![CDATA[2018-04-10 10:54:32 - [TEST_CASE][PASSED] - Test Cases/Smoke/TC-145_Login_InvalidLogin: Invoke 'com.kms.katalon.core.annotation.AfterTestCase' method: 'ImScan.AfterTestCaseCloseBrowser(...)' completed.

2018-04-10 10:54:32 - [TEST_STEP][PASSED] - Start listener action : BeforeTestCaseOpenBrowser: Invoke 'com.kms.katalon.core.annotation.BeforeTestCase' method: 'ImScan.BeforeTestCaseOpenBrowser(...)' completed.

2018-04-10 10:54:32 - [TEST_STEP][PASSED] - openBrowser: Browser is opened with url: 'http://rsspl51/CSSIMSCANUI/Login/Index'

2018-04-10 10:54:32 - [MESSAGE][WARNING] - A browser is already opened. Closing browser and opening a new one

2018-04-10 10:54:35 - [MESSAGE][PASSED] - Browser is opened with url: 'http://rsspl51/CSSIMSCANUI/Login/Index'

2018-04-10 10:54:35 - [TEST_STEP][PASSED] - maximizeWindow: Current window maximized

2018-04-10 10:54:36 - [MESSAGE][PASSED] - Current window maximized

2018-04-10 10:54:36 - [TEST_STEP][PASSED] - Statement - TestID = testCaseContext.getTestCaseId(): null

2018-04-10 10:54:36 - [TEST_STEP][PASSED] - Statement - println(TestID): Invoke 'com.kms.katalon.core.annotation.BeforeTestCase' method: 'ImScan.BeforeTestCaseOpenBrowser(...)' completed.

2018-04-10 10:54:37 - [TEST_STEP][PASSED] - setText: Text 'Dixita' is set on object 'Object Repository/Login/Page_IMSCAN/input_UserName'

2018-04-10 10:54:37 - [MESSAGE][PASSED] - Text 'Dixita' is set on object 'Object Repository/Login/Page_IMSCAN/input_UserName'

2018-04-10 10:54:37 - [TEST_STEP][PASSED] - setText: Text 'Dixita123' is set on object 'Object Repository/Login/Page_IMSCAN/input_Password'

2018-04-10 10:54:37 - [MESSAGE][PASSED] - Text 'Dixita123' is set on object 'Object Repository/Login/Page_IMSCAN/input_Password'

2018-04-10 10:54:37 - [TEST_STEP][PASSED] - click: Object: 'Object Repository/Login/Page_IMSCAN/button_Login' is clicked on

2018-04-10 10:54:37 - [MESSAGE][PASSED] - Object: 'Object Repository/Login/Page_IMSCAN/button_Login' is clicked on

2018-04-10 10:54:37 - [TEST_STEP][PASSED] - Start listener action : AfterTestCaseCloseBrowser: Invoke 'com.kms.katalon.core.annotation.AfterTestCase' method: 'ImScan.AfterTestCaseCloseBrowser(...)' completed.]]></system-out>
         <system-err><![CDATA[]]></system-err>
      </testcase>
      <testcase name="Test Cases/Smoke/TC-26" classname="Test Cases/Smoke/TC-26" status="PASSED">
         <system-out><![CDATA[2018-04-10 10:54:37 - [TEST_CASE][PASSED] - Test Cases/Smoke/TC-26: Invoke 'com.kms.katalon.core.annotation.AfterTestCase' method: 'ImScan.AfterTestCaseCloseBrowser(...)' completed.

2018-04-10 10:54:37 - [TEST_STEP][PASSED] - Start listener action : BeforeTestCaseOpenBrowser: Invoke 'com.kms.katalon.core.annotation.BeforeTestCase' method: 'ImScan.BeforeTestCaseOpenBrowser(...)' completed.

2018-04-10 10:54:37 - [TEST_STEP][PASSED] - openBrowser: Browser is opened with url: 'http://rsspl51/CSSIMSCANUI/Login/Index'

2018-04-10 10:54:37 - [MESSAGE][WARNING] - A browser is already opened. Closing browser and opening a new one

2018-04-10 10:54:41 - [MESSAGE][PASSED] - Browser is opened with url: 'http://rsspl51/CSSIMSCANUI/Login/Index'

2018-04-10 10:54:41 - [TEST_STEP][PASSED] - maximizeWindow: Current window maximized

2018-04-10 10:54:42 - [MESSAGE][PASSED] - Current window maximized

2018-04-10 10:54:42 - [TEST_STEP][PASSED] - Statement - TestID = testCaseContext.getTestCaseId(): null

2018-04-10 10:54:42 - [TEST_STEP][PASSED] - Statement - println(TestID): Invoke 'com.kms.katalon.core.annotation.BeforeTestCase' method: 'ImScan.BeforeTestCaseOpenBrowser(...)' completed.

2018-04-10 10:54:42 - [TEST_STEP][PASSED] - setText: Text 'Dixita' is set on object 'Object Repository/Login/Page_IMSCAN/input_UserName'

2018-04-10 10:54:42 - [MESSAGE][PASSED] - Text 'Dixita' is set on object 'Object Repository/Login/Page_IMSCAN/input_UserName'

2018-04-10 10:54:42 - [TEST_STEP][PASSED] - setText: Text 'Dixita456' is set on object 'Object Repository/Login/Page_IMSCAN/input_Password'

2018-04-10 10:54:42 - [MESSAGE][PASSED] - Text 'Dixita456' is set on object 'Object Repository/Login/Page_IMSCAN/input_Password'

2018-04-10 10:54:42 - [TEST_STEP][PASSED] - click: Object: 'Object Repository/Login/Page_IMSCAN/button_Login' is clicked on

2018-04-10 10:54:43 - [MESSAGE][PASSED] - Object: 'Object Repository/Login/Page_IMSCAN/button_Login' is clicked on

2018-04-10 10:54:43 - [TEST_STEP][PASSED] - verifyElementPresent: Object 'Object Repository/Create_a_New_Dept/VerfiyHomePageDisplayed' is present

2018-04-10 10:54:43 - [MESSAGE][PASSED] - Object 'Object Repository/Create_a_New_Dept/VerfiyHomePageDisplayed' is present

2018-04-10 10:54:43 - [TEST_STEP][PASSED] - delay: Delayed 3 second(s)

2018-04-10 10:54:46 - [MESSAGE][PASSED] - Delayed 3 second(s)

2018-04-10 10:54:46 - [TEST_STEP][PASSED] - click: Object: 'Object Repository/Users/Users' is clicked on

2018-04-10 10:54:46 - [MESSAGE][PASSED] - Object: 'Object Repository/Users/Users' is clicked on

2018-04-10 10:54:46 - [TEST_STEP][PASSED] - click: Object: 'Object Repository/Users/CreateUser' is clicked on

2018-04-10 10:54:47 - [MESSAGE][PASSED] - Object: 'Object Repository/Users/CreateUser' is clicked on

2018-04-10 10:54:47 - [TEST_STEP][PASSED] - waitForAlert: No alert found after 5 second(s).

2018-04-10 10:54:52 - [MESSAGE][WARNING] - No alert found after 5 second(s).

2018-04-10 10:54:52 - [TEST_STEP][PASSED] - focus: Object: 'Object Repository/Users/UsersPopUp/Popup' is focused

2018-04-10 10:54:52 - [MESSAGE][PASSED] - Object: 'Object Repository/Users/UsersPopUp/Popup' is focused

2018-04-10 10:54:52 - [TEST_STEP][PASSED] - delay: Delayed 5 second(s)

2018-04-10 10:54:57 - [MESSAGE][PASSED] - Delayed 5 second(s)

2018-04-10 10:54:57 - [TEST_STEP][PASSED] - waitForElementVisible: Object 'Object Repository/Users/Firstname' is visible

2018-04-10 10:54:57 - [MESSAGE][PASSED] - Object 'Object Repository/Users/Firstname' is visible

2018-04-10 10:54:57 - [TEST_STEP][PASSED] - focus: Object: 'Object Repository/Users/Firstname' is focused

2018-04-10 10:54:57 - [MESSAGE][PASSED] - Object: 'Object Repository/Users/Firstname' is focused

2018-04-10 10:54:57 - [TEST_STEP][PASSED] - setText: Text 'Steve' is set on object 'Object Repository/Users/Firstname'

2018-04-10 10:54:57 - [MESSAGE][PASSED] - Text 'Steve' is set on object 'Object Repository/Users/Firstname'

2018-04-10 10:54:57 - [TEST_STEP][PASSED] - delay: Delayed 3 second(s)

2018-04-10 10:55:00 - [MESSAGE][PASSED] - Delayed 3 second(s)

2018-04-10 10:55:00 - [TEST_STEP][PASSED] - focus: Object: 'Object Repository/Users/Lastname' is focused

2018-04-10 10:55:01 - [MESSAGE][PASSED] - Object: 'Object Repository/Users/Lastname' is focused

2018-04-10 10:55:01 - [TEST_STEP][PASSED] - setText: Text 'Steve' is set on object 'Object Repository/Users/Lastname'

2018-04-10 10:55:01 - [MESSAGE][PASSED] - Text 'Steve' is set on object 'Object Repository/Users/Lastname'

2018-04-10 10:55:01 - [TEST_STEP][PASSED] - focus: Object: 'Object Repository/Users/Username' is focused

2018-04-10 10:55:01 - [MESSAGE][PASSED] - Object: 'Object Repository/Users/Username' is focused

2018-04-10 10:55:01 - [TEST_STEP][PASSED] - setText: Text 'Steve' is set on object 'Object Repository/Users/Username'

2018-04-10 10:55:01 - [MESSAGE][PASSED] - Text 'Steve' is set on object 'Object Repository/Users/Username'

2018-04-10 10:55:01 - [TEST_STEP][PASSED] - focus: Object: 'Object Repository/Users/Password' is focused

2018-04-10 10:55:01 - [MESSAGE][PASSED] - Object: 'Object Repository/Users/Password' is focused

2018-04-10 10:55:01 - [TEST_STEP][PASSED] - setText: Text 'Steve' is set on object 'Object Repository/Users/Password'

2018-04-10 10:55:01 - [MESSAGE][PASSED] - Text 'Steve' is set on object 'Object Repository/Users/Password'

2018-04-10 10:55:01 - [TEST_STEP][PASSED] - focus: Object: 'Object Repository/Users/emailId' is focused

2018-04-10 10:55:01 - [MESSAGE][PASSED] - Object: 'Object Repository/Users/emailId' is focused

2018-04-10 10:55:01 - [TEST_STEP][PASSED] - setText: Text 'Steve@rsspl.com' is set on object 'Object Repository/Users/emailId'

2018-04-10 10:55:01 - [MESSAGE][PASSED] - Text 'Steve@rsspl.com' is set on object 'Object Repository/Users/emailId'

2018-04-10 10:55:01 - [TEST_STEP][PASSED] - click: Object: 'Object Repository/Users/RoleSelection' is clicked on

2018-04-10 10:55:01 - [MESSAGE][PASSED] - Object: 'Object Repository/Users/RoleSelection' is clicked on

2018-04-10 10:55:01 - [TEST_STEP][PASSED] - selectOptionByValue: All options with value '27' are selected in object 'Object Repository/Users/RoleSelection' 

2018-04-10 10:55:02 - [MESSAGE][PASSED] - All options with value '27' are selected in object 'Object Repository/Users/RoleSelection' 

2018-04-10 10:55:02 - [TEST_STEP][PASSED] - click: Object: 'Object Repository/Users/SelectAvailableDoctypes' is clicked on

2018-04-10 10:55:02 - [MESSAGE][PASSED] - Object: 'Object Repository/Users/SelectAvailableDoctypes' is clicked on

2018-04-10 10:55:02 - [TEST_STEP][PASSED] - click: Object: 'Object Repository/Users/ClickOnRightbutton' is clicked on

2018-04-10 10:55:02 - [MESSAGE][PASSED] - Object: 'Object Repository/Users/ClickOnRightbutton' is clicked on

2018-04-10 10:55:02 - [TEST_STEP][PASSED] - scrollToElement: Scroll to object 'Object Repository/Users/SelectAvailableDept' successfully

2018-04-10 10:55:02 - [MESSAGE][PASSED] - Scroll to object 'Object Repository/Users/SelectAvailableDept' successfully

2018-04-10 10:55:02 - [TEST_STEP][PASSED] - click: Object: 'Object Repository/Users/SelectAvailableDept' is clicked on

2018-04-10 10:55:02 - [MESSAGE][PASSED] - Object: 'Object Repository/Users/SelectAvailableDept' is clicked on

2018-04-10 10:55:02 - [TEST_STEP][PASSED] - delay: Delayed 2 second(s)

2018-04-10 10:55:04 - [MESSAGE][PASSED] - Delayed 2 second(s)

2018-04-10 10:55:04 - [TEST_STEP][PASSED] - click: Object: 'Object Repository/Users/arrow/span_glyphicon glyphicon-chevr' is clicked on

2018-04-10 10:55:04 - [MESSAGE][PASSED] - Object: 'Object Repository/Users/arrow/span_glyphicon glyphicon-chevr' is clicked on

2018-04-10 10:55:04 - [TEST_STEP][PASSED] - click: Object: 'Object Repository/Users/ClickonSaveOfPopup' is clicked on

2018-04-10 10:55:04 - [MESSAGE][PASSED] - Object: 'Object Repository/Users/ClickonSaveOfPopup' is clicked on

2018-04-10 10:55:04 - [TEST_STEP][PASSED] - Start listener action : AfterTestCaseCloseBrowser: Invoke 'com.kms.katalon.core.annotation.AfterTestCase' method: 'ImScan.AfterTestCaseCloseBrowser(...)' completed.]]></system-out>
         <system-err><![CDATA[]]></system-err>
      </testcase>
      <testcase name="Test Cases/Smoke/TC-46" classname="Test Cases/Smoke/TC-46" status="PASSED">
         <system-out><![CDATA[2018-04-10 10:55:04 - [TEST_CASE][PASSED] - Test Cases/Smoke/TC-46: Invoke 'com.kms.katalon.core.annotation.AfterTestCase' method: 'ImScan.AfterTestCaseCloseBrowser(...)' completed.

2018-04-10 10:55:04 - [TEST_STEP][PASSED] - Start listener action : BeforeTestCaseOpenBrowser: Invoke 'com.kms.katalon.core.annotation.BeforeTestCase' method: 'ImScan.BeforeTestCaseOpenBrowser(...)' completed.

2018-04-10 10:55:04 - [TEST_STEP][PASSED] - openBrowser: Browser is opened with url: 'http://rsspl51/CSSIMSCANUI/Login/Index'

2018-04-10 10:55:04 - [MESSAGE][WARNING] - A browser is already opened. Closing browser and opening a new one

2018-04-10 10:55:17 - [MESSAGE][PASSED] - Browser is opened with url: 'http://rsspl51/CSSIMSCANUI/Login/Index'

2018-04-10 10:55:17 - [TEST_STEP][PASSED] - maximizeWindow: Current window maximized

2018-04-10 10:55:19 - [MESSAGE][PASSED] - Current window maximized

2018-04-10 10:55:19 - [TEST_STEP][PASSED] - Statement - TestID = testCaseContext.getTestCaseId(): null

2018-04-10 10:55:19 - [TEST_STEP][PASSED] - Statement - println(TestID): Invoke 'com.kms.katalon.core.annotation.BeforeTestCase' method: 'ImScan.BeforeTestCaseOpenBrowser(...)' completed.

2018-04-10 10:55:19 - [TEST_STEP][PASSED] - setText: Text 'Dixita' is set on object 'Object Repository/Login/Page_IMSCAN/input_UserName'

2018-04-10 10:55:19 - [MESSAGE][PASSED] - Text 'Dixita' is set on object 'Object Repository/Login/Page_IMSCAN/input_UserName'

2018-04-10 10:55:19 - [TEST_STEP][PASSED] - setText: Text 'Dixita456' is set on object 'Object Repository/Login/Page_IMSCAN/input_Password'

2018-04-10 10:55:20 - [MESSAGE][PASSED] - Text 'Dixita456' is set on object 'Object Repository/Login/Page_IMSCAN/input_Password'

2018-04-10 10:55:20 - [TEST_STEP][PASSED] - click: Object: 'Object Repository/Login/Page_IMSCAN/button_Login' is clicked on

2018-04-10 10:55:20 - [MESSAGE][PASSED] - Object: 'Object Repository/Login/Page_IMSCAN/button_Login' is clicked on

2018-04-10 10:55:20 - [TEST_STEP][PASSED] - click: Object: 'Object Repository/Settings/ClickOnSettings' is clicked on

2018-04-10 10:55:21 - [MESSAGE][PASSED] - Object: 'Object Repository/Settings/ClickOnSettings' is clicked on

2018-04-10 10:55:21 - [TEST_STEP][PASSED] - click: Object: 'Object Repository/Settings/ClickOnEmailSettings' is clicked on

2018-04-10 10:55:21 - [MESSAGE][PASSED] - Object: 'Object Repository/Settings/ClickOnEmailSettings' is clicked on

2018-04-10 10:55:21 - [TEST_STEP][PASSED] - delay: Delayed 2 second(s)

2018-04-10 10:55:23 - [MESSAGE][PASSED] - Delayed 2 second(s)

2018-04-10 10:55:23 - [TEST_STEP][PASSED] - click: Object: 'Object Repository/Settings/ClickOnEmailSettings' is clicked on

2018-04-10 10:55:23 - [MESSAGE][PASSED] - Object: 'Object Repository/Settings/ClickOnEmailSettings' is clicked on

2018-04-10 10:55:23 - [TEST_STEP][PASSED] - click: Object: 'Object Repository/Settings/AddEmailSettings' is clicked on

2018-04-10 10:55:24 - [MESSAGE][PASSED] - Object: 'Object Repository/Settings/AddEmailSettings' is clicked on

2018-04-10 10:55:24 - [TEST_STEP][PASSED] - focus: Object: 'Object Repository/Settings/EmailSettingsPopUp' is focused

2018-04-10 10:55:24 - [MESSAGE][PASSED] - Object: 'Object Repository/Settings/EmailSettingsPopUp' is focused

2018-04-10 10:55:24 - [TEST_STEP][PASSED] - delay: Delayed 3 second(s)

2018-04-10 10:55:27 - [MESSAGE][PASSED] - Delayed 3 second(s)

2018-04-10 10:55:27 - [TEST_STEP][PASSED] - setText: Text 'Steve@gmail.com' is set on object 'Object Repository/Settings/Email'

2018-04-10 10:55:27 - [MESSAGE][PASSED] - Text 'Steve@gmail.com' is set on object 'Object Repository/Settings/Email'

2018-04-10 10:55:27 - [TEST_STEP][PASSED] - setText: Text '123456' is set on object 'Object Repository/Settings/Password'

2018-04-10 10:55:27 - [MESSAGE][PASSED] - Text '123456' is set on object 'Object Repository/Settings/Password'

2018-04-10 10:55:27 - [TEST_STEP][PASSED] - click: Object: 'Object Repository/Settings/SaveButton' is clicked on

2018-04-10 10:55:27 - [MESSAGE][PASSED] - Object: 'Object Repository/Settings/SaveButton' is clicked on

2018-04-10 10:55:27 - [TEST_STEP][PASSED] - Start listener action : AfterTestCaseCloseBrowser: Invoke 'com.kms.katalon.core.annotation.AfterTestCase' method: 'ImScan.AfterTestCaseCloseBrowser(...)' completed.]]></system-out>
         <system-err><![CDATA[]]></system-err>
      </testcase>
      <testcase name="Test Cases/Smoke/TC-86" classname="Test Cases/Smoke/TC-86" status="PASSED">
         <system-out><![CDATA[2018-04-10 10:55:27 - [TEST_CASE][PASSED] - Test Cases/Smoke/TC-86: Invoke 'com.kms.katalon.core.annotation.AfterTestCase' method: 'ImScan.AfterTestCaseCloseBrowser(...)' completed.

2018-04-10 10:55:27 - [TEST_STEP][PASSED] - Start listener action : BeforeTestCaseOpenBrowser: Invoke 'com.kms.katalon.core.annotation.BeforeTestCase' method: 'ImScan.BeforeTestCaseOpenBrowser(...)' completed.

2018-04-10 10:55:27 - [TEST_STEP][PASSED] - openBrowser: Browser is opened with url: 'http://rsspl51/CSSIMSCANUI/Login/Index'

2018-04-10 10:55:27 - [MESSAGE][WARNING] - A browser is already opened. Closing browser and opening a new one

2018-04-10 10:55:31 - [MESSAGE][PASSED] - Browser is opened with url: 'http://rsspl51/CSSIMSCANUI/Login/Index'

2018-04-10 10:55:31 - [TEST_STEP][PASSED] - maximizeWindow: Current window maximized

2018-04-10 10:55:32 - [MESSAGE][PASSED] - Current window maximized

2018-04-10 10:55:32 - [TEST_STEP][PASSED] - Statement - TestID = testCaseContext.getTestCaseId(): null

2018-04-10 10:55:32 - [TEST_STEP][PASSED] - Statement - println(TestID): Invoke 'com.kms.katalon.core.annotation.BeforeTestCase' method: 'ImScan.BeforeTestCaseOpenBrowser(...)' completed.

2018-04-10 10:55:32 - [TEST_STEP][PASSED] - setText: Text 'Dixita' is set on object 'Object Repository/Login/Page_IMSCAN/input_UserName'

2018-04-10 10:55:32 - [MESSAGE][PASSED] - Text 'Dixita' is set on object 'Object Repository/Login/Page_IMSCAN/input_UserName'

2018-04-10 10:55:32 - [TEST_STEP][PASSED] - setText: Text 'Dixita456' is set on object 'Object Repository/Login/Page_IMSCAN/input_Password'

2018-04-10 10:55:32 - [MESSAGE][PASSED] - Text 'Dixita456' is set on object 'Object Repository/Login/Page_IMSCAN/input_Password'

2018-04-10 10:55:32 - [TEST_STEP][PASSED] - click: Object: 'Object Repository/Login/Page_IMSCAN/button_Login' is clicked on

2018-04-10 10:55:32 - [MESSAGE][PASSED] - Object: 'Object Repository/Login/Page_IMSCAN/button_Login' is clicked on

2018-04-10 10:55:32 - [TEST_STEP][PASSED] - click: Object: 'Object Repository/Settings/ClickOnSettings' is clicked on

2018-04-10 10:55:33 - [MESSAGE][PASSED] - Object: 'Object Repository/Settings/ClickOnSettings' is clicked on

2018-04-10 10:55:33 - [TEST_STEP][PASSED] - click: Object: 'Object Repository/Settings/ClickOnSMTPsettings' is clicked on

2018-04-10 10:55:33 - [MESSAGE][PASSED] - Object: 'Object Repository/Settings/ClickOnSMTPsettings' is clicked on

2018-04-10 10:55:33 - [TEST_STEP][PASSED] - click: Object: 'Object Repository/Settings/AddSMTPsettings' is clicked on

2018-04-10 10:55:34 - [MESSAGE][PASSED] - Object: 'Object Repository/Settings/AddSMTPsettings' is clicked on

2018-04-10 10:55:34 - [TEST_STEP][PASSED] - focus: Object: 'Object Repository/Settings/AddSMTPPopup' is focused

2018-04-10 10:55:34 - [MESSAGE][PASSED] - Object: 'Object Repository/Settings/AddSMTPPopup' is focused

2018-04-10 10:55:34 - [TEST_STEP][PASSED] - delay: Delayed 3 second(s)

2018-04-10 10:55:37 - [MESSAGE][PASSED] - Delayed 3 second(s)

2018-04-10 10:55:37 - [TEST_STEP][PASSED] - setText: Text '16' is set on object 'Object Repository/Settings/IncomingServerName'

2018-04-10 10:55:37 - [MESSAGE][PASSED] - Text '16' is set on object 'Object Repository/Settings/IncomingServerName'

2018-04-10 10:55:37 - [TEST_STEP][PASSED] - setText: Text '16' is set on object 'Object Repository/Settings/OutgoingServerName'

2018-04-10 10:55:37 - [MESSAGE][PASSED] - Text '16' is set on object 'Object Repository/Settings/OutgoingServerName'

2018-04-10 10:55:37 - [TEST_STEP][PASSED] - setText: Text '16' is set on object 'Object Repository/Settings/IncomingIncrytionMethod'

2018-04-10 10:55:38 - [MESSAGE][PASSED] - Text '16' is set on object 'Object Repository/Settings/IncomingIncrytionMethod'

2018-04-10 10:55:38 - [TEST_STEP][PASSED] - setText: Text '16' is set on object 'Object Repository/Settings/OutgoingIncryptionMethod'

2018-04-10 10:55:38 - [MESSAGE][PASSED] - Text '16' is set on object 'Object Repository/Settings/OutgoingIncryptionMethod'

2018-04-10 10:55:38 - [TEST_STEP][PASSED] - setText: Text 'DummyName16' is set on object 'Object Repository/Settings/UserName'

2018-04-10 10:55:38 - [MESSAGE][PASSED] - Text 'DummyName16' is set on object 'Object Repository/Settings/UserName'

2018-04-10 10:55:38 - [TEST_STEP][PASSED] - setText: Text '123' is set on object 'Object Repository/Settings/Password'

2018-04-10 10:55:38 - [MESSAGE][PASSED] - Text '123' is set on object 'Object Repository/Settings/Password'

2018-04-10 10:55:38 - [TEST_STEP][PASSED] - click: Object: 'Object Repository/Settings/SaveButton' is clicked on

2018-04-10 10:55:38 - [MESSAGE][PASSED] - Object: 'Object Repository/Settings/SaveButton' is clicked on

2018-04-10 10:55:38 - [TEST_STEP][PASSED] - Start listener action : AfterTestCaseCloseBrowser: Invoke 'com.kms.katalon.core.annotation.AfterTestCase' method: 'ImScan.AfterTestCaseCloseBrowser(...)' completed.]]></system-out>
         <system-err><![CDATA[]]></system-err>
      </testcase>
      <testcase name="Test Cases/Smoke/TC-91" classname="Test Cases/Smoke/TC-91" status="PASSED">
         <system-out><![CDATA[2018-04-10 10:55:38 - [TEST_CASE][PASSED] - Test Cases/Smoke/TC-91: Invoke 'com.kms.katalon.core.annotation.AfterTestCase' method: 'ImScan.AfterTestCaseCloseBrowser(...)' completed.

2018-04-10 10:55:38 - [TEST_STEP][PASSED] - Start listener action : BeforeTestCaseOpenBrowser: Invoke 'com.kms.katalon.core.annotation.BeforeTestCase' method: 'ImScan.BeforeTestCaseOpenBrowser(...)' completed.

2018-04-10 10:55:38 - [TEST_STEP][PASSED] - openBrowser: Browser is opened with url: 'http://rsspl51/CSSIMSCANUI/Login/Index'

2018-04-10 10:55:38 - [MESSAGE][WARNING] - A browser is already opened. Closing browser and opening a new one

2018-04-10 10:55:42 - [MESSAGE][PASSED] - Browser is opened with url: 'http://rsspl51/CSSIMSCANUI/Login/Index'

2018-04-10 10:55:42 - [TEST_STEP][PASSED] - maximizeWindow: Current window maximized

2018-04-10 10:55:43 - [MESSAGE][PASSED] - Current window maximized

2018-04-10 10:55:43 - [TEST_STEP][PASSED] - Statement - TestID = testCaseContext.getTestCaseId(): null

2018-04-10 10:55:43 - [TEST_STEP][PASSED] - Statement - println(TestID): Invoke 'com.kms.katalon.core.annotation.BeforeTestCase' method: 'ImScan.BeforeTestCaseOpenBrowser(...)' completed.

2018-04-10 10:55:43 - [TEST_STEP][PASSED] - setText: Text 'Dixita' is set on object 'Object Repository/Login/Page_IMSCAN/input_UserName'

2018-04-10 10:55:43 - [MESSAGE][PASSED] - Text 'Dixita' is set on object 'Object Repository/Login/Page_IMSCAN/input_UserName'

2018-04-10 10:55:43 - [TEST_STEP][PASSED] - setText: Text 'Dixita456' is set on object 'Object Repository/Login/Page_IMSCAN/input_Password'

2018-04-10 10:55:43 - [MESSAGE][PASSED] - Text 'Dixita456' is set on object 'Object Repository/Login/Page_IMSCAN/input_Password'

2018-04-10 10:55:43 - [TEST_STEP][PASSED] - click: Object: 'Object Repository/Login/Page_IMSCAN/button_Login' is clicked on

2018-04-10 10:55:43 - [MESSAGE][PASSED] - Object: 'Object Repository/Login/Page_IMSCAN/button_Login' is clicked on

2018-04-10 10:55:43 - [TEST_STEP][PASSED] - click: Object: 'Object Repository/Settings/ClickOnSettings' is clicked on

2018-04-10 10:55:44 - [MESSAGE][PASSED] - Object: 'Object Repository/Settings/ClickOnSettings' is clicked on

2018-04-10 10:55:44 - [TEST_STEP][PASSED] - click: Object: 'Object Repository/Settings/ClickOnSMTPsettings' is clicked on

2018-04-10 10:55:44 - [MESSAGE][PASSED] - Object: 'Object Repository/Settings/ClickOnSMTPsettings' is clicked on

2018-04-10 10:55:44 - [TEST_STEP][PASSED] - click: Object: 'Object Repository/Settings/AddSMTPsettings' is clicked on

2018-04-10 10:55:44 - [MESSAGE][PASSED] - Object: 'Object Repository/Settings/AddSMTPsettings' is clicked on

2018-04-10 10:55:44 - [TEST_STEP][PASSED] - focus: Object: 'Object Repository/Settings/AddSMTPPopup' is focused

2018-04-10 10:55:45 - [MESSAGE][PASSED] - Object: 'Object Repository/Settings/AddSMTPPopup' is focused

2018-04-10 10:55:45 - [TEST_STEP][PASSED] - delay: Delayed 3 second(s)

2018-04-10 10:55:48 - [MESSAGE][PASSED] - Delayed 3 second(s)

2018-04-10 10:55:48 - [TEST_STEP][PASSED] - setText: Text '23' is set on object 'Object Repository/Settings/IncomingServerName'

2018-04-10 10:55:48 - [MESSAGE][PASSED] - Text '23' is set on object 'Object Repository/Settings/IncomingServerName'

2018-04-10 10:55:48 - [TEST_STEP][PASSED] - setText: Text '23' is set on object 'Object Repository/Settings/OutgoingServerName'

2018-04-10 10:55:48 - [MESSAGE][PASSED] - Text '23' is set on object 'Object Repository/Settings/OutgoingServerName'

2018-04-10 10:55:48 - [TEST_STEP][PASSED] - setText: Text '23' is set on object 'Object Repository/Settings/IncomingIncrytionMethod'

2018-04-10 10:55:48 - [MESSAGE][PASSED] - Text '23' is set on object 'Object Repository/Settings/IncomingIncrytionMethod'

2018-04-10 10:55:48 - [TEST_STEP][PASSED] - setText: Text '23' is set on object 'Object Repository/Settings/OutgoingIncryptionMethod'

2018-04-10 10:55:48 - [MESSAGE][PASSED] - Text '23' is set on object 'Object Repository/Settings/OutgoingIncryptionMethod'

2018-04-10 10:55:48 - [TEST_STEP][PASSED] - setText: Text 'DummyName23' is set on object 'Object Repository/Settings/UserName'

2018-04-10 10:55:48 - [MESSAGE][PASSED] - Text 'DummyName23' is set on object 'Object Repository/Settings/UserName'

2018-04-10 10:55:48 - [TEST_STEP][PASSED] - setText: Text '123' is set on object 'Object Repository/Settings/Password'

2018-04-10 10:55:48 - [MESSAGE][PASSED] - Text '123' is set on object 'Object Repository/Settings/Password'

2018-04-10 10:55:48 - [TEST_STEP][PASSED] - click: Object: 'Object Repository/Settings/SaveButton' is clicked on

2018-04-10 10:55:49 - [MESSAGE][PASSED] - Object: 'Object Repository/Settings/SaveButton' is clicked on

2018-04-10 10:55:49 - [TEST_STEP][PASSED] - delay: Delayed 5 second(s)

2018-04-10 10:55:54 - [MESSAGE][PASSED] - Delayed 5 second(s)

2018-04-10 10:55:54 - [TEST_STEP][PASSED] - click: Object: 'Object Repository/Settings/AddSMTPsettings' is clicked on

2018-04-10 10:55:54 - [MESSAGE][PASSED] - Object: 'Object Repository/Settings/AddSMTPsettings' is clicked on

2018-04-10 10:55:54 - [TEST_STEP][PASSED] - focus: Object: 'Object Repository/Settings/AddSMTPPopup' is focused

2018-04-10 10:55:54 - [MESSAGE][PASSED] - Object: 'Object Repository/Settings/AddSMTPPopup' is focused

2018-04-10 10:55:54 - [TEST_STEP][PASSED] - delay: Delayed 3 second(s)

2018-04-10 10:55:57 - [MESSAGE][PASSED] - Delayed 3 second(s)

2018-04-10 10:55:57 - [TEST_STEP][PASSED] - setText: Text '23' is set on object 'Object Repository/Settings/IncomingServerName'

2018-04-10 10:55:57 - [MESSAGE][PASSED] - Text '23' is set on object 'Object Repository/Settings/IncomingServerName'

2018-04-10 10:55:57 - [TEST_STEP][PASSED] - setText: Text '23' is set on object 'Object Repository/Settings/OutgoingServerName'

2018-04-10 10:55:57 - [MESSAGE][PASSED] - Text '23' is set on object 'Object Repository/Settings/OutgoingServerName'

2018-04-10 10:55:57 - [TEST_STEP][PASSED] - setText: Text '23' is set on object 'Object Repository/Settings/IncomingIncrytionMethod'

2018-04-10 10:55:57 - [MESSAGE][PASSED] - Text '23' is set on object 'Object Repository/Settings/IncomingIncrytionMethod'

2018-04-10 10:55:57 - [TEST_STEP][PASSED] - setText: Text '23' is set on object 'Object Repository/Settings/OutgoingIncryptionMethod'

2018-04-10 10:55:57 - [MESSAGE][PASSED] - Text '23' is set on object 'Object Repository/Settings/OutgoingIncryptionMethod'

2018-04-10 10:55:57 - [TEST_STEP][PASSED] - setText: Text 'DummyName23' is set on object 'Object Repository/Settings/UserName'

2018-04-10 10:55:57 - [MESSAGE][PASSED] - Text 'DummyName23' is set on object 'Object Repository/Settings/UserName'

2018-04-10 10:55:57 - [TEST_STEP][PASSED] - setText: Text '123' is set on object 'Object Repository/Settings/Password'

2018-04-10 10:55:57 - [MESSAGE][PASSED] - Text '123' is set on object 'Object Repository/Settings/Password'

2018-04-10 10:55:57 - [TEST_STEP][PASSED] - click: Object: 'Object Repository/Settings/SaveButton' is clicked on

2018-04-10 10:55:58 - [MESSAGE][PASSED] - Object: 'Object Repository/Settings/SaveButton' is clicked on

2018-04-10 10:55:58 - [TEST_STEP][PASSED] - delay: Delayed 2 second(s)

2018-04-10 10:56:00 - [MESSAGE][PASSED] - Delayed 2 second(s)

2018-04-10 10:56:00 - [TEST_STEP][PASSED] - focus: Object: 'Object Repository/Settings/DuplicateSMTPError' is focused

2018-04-10 10:56:00 - [MESSAGE][PASSED] - Object: 'Object Repository/Settings/DuplicateSMTPError' is focused

2018-04-10 10:56:00 - [TEST_STEP][PASSED] - Statement - Try: null

2018-04-10 10:56:00 - [TEST_STEP][PASSED] - Statement - ErrMsg = com.kms.katalon.core.webui.keyword.WebUiBuiltInKeywords.getText(com.kms.katalon.core.testobject.ObjectRepository.findTestObject(Object Repository/Settings/DuplicateSMTPError)): Text of object 'Object Repository/Settings/DuplicateSMTPError' is: 'This SMTP settings already exists.'

2018-04-10 10:56:00 - [MESSAGE][PASSED] - Text of object 'Object Repository/Settings/DuplicateSMTPError' is: 'This SMTP settings already exists.'

2018-04-10 10:56:00 - [TEST_STEP][PASSED] - Statement - println(ErrMsg): null

2018-04-10 10:56:00 - [TEST_STEP][PASSED] - Statement - println("Error Message has been displayed"): null

2018-04-10 10:56:00 - [TEST_STEP][PASSED] - Start listener action : AfterTestCaseCloseBrowser: Invoke 'com.kms.katalon.core.annotation.AfterTestCase' method: 'ImScan.AfterTestCaseCloseBrowser(...)' completed.]]></system-out>
         <system-err><![CDATA[]]></system-err>
      </testcase>
      <system-out><![CDATA[2018-04-10 10:53:37 - [TEST_SUITE][FAILED] - Presentation: Test Cases/Smoke/TC-1 Creating a new Department FAILED because (of) Unable to verify object 'Object Repository/Create_a_New_Dept/verifyDisplayedOrNot/td_Law1' is present (Root cause: com.kms.katalon.core.webui.exception.WebElementNotFoundException: Web element with id: 'Object Repository/Create_a_New_Dept/verifyDisplayedOrNot/td_Law1' located by 'By.xpath: //td[(text() = 'Law1' or . = 'Law1')]' not found)]]></system-out>
      <system-err><![CDATA[2018-04-10 10:53:37 - [TEST_SUITE][FAILED] - Presentation: Test Cases/Smoke/TC-1 Creating a new Department FAILED because (of) Unable to verify object 'Object Repository/Create_a_New_Dept/verifyDisplayedOrNot/td_Law1' is present (Root cause: com.kms.katalon.core.webui.exception.WebElementNotFoundException: Web element with id: 'Object Repository/Create_a_New_Dept/verifyDisplayedOrNot/td_Law1' located by 'By.xpath: //td[(text() = 'Law1' or . = 'Law1')]' not found)]]></system-err>
   </testsuite>
</testsuites>
